2026-03-31 19:49:16,329 - INFO - ETF Auto Trader 珥덇린???꾨즺
2026-03-31 20:02:34,749 - INFO - ETF Auto Trader 초기화 완료
2026-03-31 20:02:34,749 - INFO - Non-interactive environment detected. Running one analysis cycle.
2026-03-31 20:02:34,749 - INFO - ============================================================
2026-03-31 20:02:34,749 - INFO - ETF analysis start
2026-03-31 20:02:34,749 - INFO - ============================================================
2026-03-31 20:02:34,749 - INFO - 
Analyzing Global X Nasdaq 100 Covered Call (QYLD)
2026-03-31 20:02:36,135 - INFO - QYLD 데이터 수집 완료: 61 행
2026-03-31 20:02:36,146 - INFO - [QYLD] ?좏샇: SELL (?좊ː?? 60%)
2026-03-31 20:02:36,146 - INFO - SELL signal: Global X Nasdaq 100 Covered Call
2026-03-31 20:02:36,147 - INFO - 콘솔 알림 전송: QYLD
2026-03-31 20:02:37,121 - INFO - 텔레그램 알림 전송 완료: QYLD
2026-03-31 20:02:37,122 - INFO - 
Analyzing Schwab US Dividend Equity (SCHD)
2026-03-31 20:02:37,565 - INFO - SCHD 데이터 수집 완료: 61 행
2026-03-31 20:02:37,577 - INFO - [SCHD] ?좏샇: SELL (?좊ː?? 40%)
2026-03-31 20:02:37,577 - INFO - SELL signal: Schwab US Dividend Equity
2026-03-31 20:02:37,578 - INFO - 포트폴리오 저장 완료
2026-03-31 20:02:37,578 - INFO - 자산 매도 처리: SCHD 125주
2026-03-31 20:02:37,581 - INFO - 포트폴리오 저장 완료
2026-03-31 20:02:37,581 - INFO - 현금 추가: $3,810.00
2026-03-31 20:02:37,582 - INFO - Filled SELL: SCHD 125 @ $30.48 (cash +$3,810.00)
2026-03-31 20:02:37,582 - INFO - 콘솔 알림 전송: SCHD
2026-03-31 20:02:38,522 - INFO - 텔레그램 알림 전송 완료: SCHD
2026-03-31 20:02:38,526 - INFO - 
Analyzing YieldMax S&P 500 Covered Call (SDTY)
2026-03-31 20:02:38,869 - INFO - SDTY 데이터 수집 완료: 61 행
2026-03-31 20:02:38,888 - INFO - [SDTY] ?좏샇: SELL (?좊ː?? 80%)
2026-03-31 20:02:38,888 - INFO - SELL signal: YieldMax S&P 500 Covered Call
2026-03-31 20:02:38,889 - INFO - 포트폴리오 저장 완료
2026-03-31 20:02:38,889 - INFO - 자산 매도 처리: SDTY 236주
2026-03-31 20:02:38,890 - INFO - 포트폴리오 저장 완료
2026-03-31 20:02:38,890 - INFO - 현금 추가: $9,233.03
2026-03-31 20:02:38,890 - INFO - Filled SELL: SDTY 236 @ $39.12 (cash +$9,233.03)
2026-03-31 20:02:38,890 - INFO - 콘솔 알림 전송: SDTY
2026-03-31 20:02:39,813 - INFO - 텔레그램 알림 전송 완료: SDTY
2026-03-31 20:02:39,814 - INFO - 
======================================================================
2026-03-31 20:02:39,814 - INFO - 분석 요약
2026-03-31 20:02:39,814 - INFO - ======================================================================
2026-03-31 20:02:39,814 - INFO - BUY signals: 0
2026-03-31 20:02:39,814 - INFO - SELL signals: 3
2026-03-31 20:02:39,814 - INFO - HOLD signals: 0
2026-03-31 20:02:39,815 - INFO - 
----------------------------------------------------------------------
2026-03-31 20:02:39,815 - INFO - 현재 포트폴리오 현황
2026-03-31 20:02:39,815 - INFO - ----------------------------------------------------------------------
2026-03-31 20:02:39,815 - INFO - 현금 잔고: $14,820.18
2026-03-31 20:02:39,815 - INFO - 
2026-03-31 20:02:39,815 - INFO -   QYLD  :  235주 @ $    4,161.85
2026-03-31 20:02:39,815 - INFO -   SCHD  :   84주 @ $    2,316.72
2026-03-31 20:02:39,815 - INFO - 
총 투자금: $6,478.57
2026-03-31 20:02:39,815 - INFO - 현금 잔고: $14,820.18
2026-03-31 20:02:39,815 - INFO - 총 자산: $21,298.75
2026-03-31 20:02:39,815 - INFO - 
----------------------------------------------------------------------
2026-03-31 20:02:39,815 - INFO - 배당금 예상치
2026-03-31 20:02:39,815 - INFO - ----------------------------------------------------------------------
2026-03-31 20:02:39,990 - INFO - QYLD 데이터 수집 완료: 61 행
2026-03-31 20:02:40,005 - INFO -   Global X Nasdaq 100 Covered Call: 월 $     45.79 / 연 $    549.43
2026-03-31 20:02:40,258 - INFO - SCHD 데이터 수집 완료: 61 행
2026-03-31 20:02:40,273 - INFO -   Schwab US Dividend Equity: 월 $      7.47 / 연 $     89.61
2026-03-31 20:02:40,273 - INFO - ----------------------------------------------------------------------
2026-03-31 20:02:40,273 - INFO -   합계: 월 $     53.26 / 연 $    639.04
2026-03-31 20:02:40,273 - INFO - 
----------------------------------------------------------------------
2026-03-31 20:02:40,273 - INFO - 현재 동적 손절률 (배당금 반영)
2026-03-31 20:02:40,273 - INFO - ----------------------------------------------------------------------
2026-03-31 20:02:40,274 - INFO -   QYLD  :  -6.73% (기본 -3.0% 대비 -3.73%)
2026-03-31 20:02:40,274 - INFO -   SCHD  :  -4.17% (기본 -3.0% 대비 -1.17%)
2026-03-31 20:02:40,274 - INFO - ======================================================================

2026-03-31 20:04:59,205 - INFO - ETF Auto Trader 초기화 완료
2026-03-31 20:04:59,205 - INFO - Non-interactive environment detected. Running one analysis cycle.
2026-03-31 20:04:59,205 - INFO - ============================================================
2026-03-31 20:04:59,205 - INFO - ETF analysis start
2026-03-31 20:04:59,205 - INFO - ============================================================
2026-03-31 20:04:59,205 - INFO - 
Analyzing Global X Nasdaq 100 Covered Call (QYLD)
2026-03-31 20:04:59,944 - INFO - QYLD 데이터 수집 완료: 61 행
2026-03-31 20:04:59,970 - INFO - [QYLD] 신호: SELL (신뢰도 60%)
2026-03-31 20:04:59,970 - INFO - SELL signal: Global X Nasdaq 100 Covered Call
2026-03-31 20:04:59,971 - INFO - 콘솔 알림 전송: QYLD
2026-03-31 20:05:01,091 - INFO - 텔레그램 알림 전송 완료: QYLD
2026-03-31 20:05:01,096 - INFO - 
Analyzing Schwab US Dividend Equity (SCHD)
2026-03-31 20:05:01,406 - INFO - SCHD 데이터 수집 완료: 61 행
2026-03-31 20:05:01,418 - INFO - [SCHD] 신호: SELL (신뢰도 40%)
2026-03-31 20:05:01,418 - INFO - SELL signal: Schwab US Dividend Equity
2026-03-31 20:05:01,419 - INFO - 포트폴리오 저장 완료
2026-03-31 20:05:01,419 - INFO - 자산 매도 처리: SCHD 50주
2026-03-31 20:05:01,423 - INFO - 포트폴리오 저장 완료
2026-03-31 20:05:01,423 - INFO - 현금 추가: $1,524.00
2026-03-31 20:05:01,423 - INFO - Filled SELL: SCHD 50 @ $30.48 (cash +$1,524.00)
2026-03-31 20:05:01,424 - INFO - 콘솔 알림 전송: SCHD
2026-03-31 20:05:02,419 - INFO - 텔레그램 알림 전송 완료: SCHD
2026-03-31 20:05:02,422 - INFO - 
Analyzing YieldMax S&P 500 Covered Call (SDTY)
2026-03-31 20:05:02,651 - INFO - SDTY 데이터 수집 완료: 61 행
2026-03-31 20:05:02,662 - INFO - [SDTY] 신호: SELL (신뢰도 80%)
2026-03-31 20:05:02,662 - INFO - SELL signal: YieldMax S&P 500 Covered Call
2026-03-31 20:05:02,663 - INFO - 콘솔 알림 전송: SDTY
2026-03-31 20:05:03,618 - INFO - 텔레그램 알림 전송 완료: SDTY
2026-03-31 20:05:03,620 - INFO - 
======================================================================
2026-03-31 20:05:03,620 - INFO - 분석 요약
2026-03-31 20:05:03,620 - INFO - ======================================================================
2026-03-31 20:05:03,621 - INFO - BUY signals: 0
2026-03-31 20:05:03,621 - INFO - SELL signals: 3
2026-03-31 20:05:03,621 - INFO - HOLD signals: 0
2026-03-31 20:05:03,621 - INFO - 
----------------------------------------------------------------------
2026-03-31 20:05:03,621 - INFO - 현재 포트폴리오 현황
2026-03-31 20:05:03,622 - INFO - ----------------------------------------------------------------------
2026-03-31 20:05:03,622 - INFO - 현금 잔고: $16,344.18
2026-03-31 20:05:03,622 - INFO - 
2026-03-31 20:05:03,622 - INFO -   QYLD  :  235주 @ $    4,161.85
2026-03-31 20:05:03,622 - INFO -   SCHD  :   34주 @ $      937.72
2026-03-31 20:05:03,622 - INFO - 
총 투자금: $5,099.57
2026-03-31 20:05:03,622 - INFO - 현금 잔고: $16,344.18
2026-03-31 20:05:03,622 - INFO - 총 자산: $21,443.75
2026-03-31 20:05:03,622 - INFO - 
----------------------------------------------------------------------
2026-03-31 20:05:03,622 - INFO - 배당금 예상치
2026-03-31 20:05:03,623 - INFO - ----------------------------------------------------------------------
2026-03-31 20:05:03,863 - INFO - QYLD 데이터 수집 완료: 61 행
2026-03-31 20:05:03,877 - INFO -   Global X Nasdaq 100 Covered Call: 월 $     45.79 / 연 $    549.43
2026-03-31 20:05:04,116 - INFO - SCHD 데이터 수집 완료: 61 행
2026-03-31 20:05:04,128 - INFO -   Schwab US Dividend Equity: 월 $      3.02 / 연 $     36.27
2026-03-31 20:05:04,128 - INFO - ----------------------------------------------------------------------
2026-03-31 20:05:04,128 - INFO -   합계: 월 $     48.81 / 연 $    585.70
2026-03-31 20:05:04,128 - INFO - 
----------------------------------------------------------------------
2026-03-31 20:05:04,128 - INFO - 현재 동적 손절률 (배당금 반영)
2026-03-31 20:05:04,128 - INFO - ----------------------------------------------------------------------
2026-03-31 20:05:04,128 - INFO -   QYLD  :  -6.73% (기본 -3.0% 대비 -3.73%)
2026-03-31 20:05:04,128 - INFO -   SCHD  :  -4.17% (기본 -3.0% 대비 -1.17%)
2026-03-31 20:05:04,128 - INFO - ======================================================================

2026-03-31 20:13:53,891 - INFO - ETF Auto Trader 초기화 완료
2026-03-31 20:14:05,130 - INFO - ============================================================
2026-03-31 20:14:05,130 - INFO - ETF analysis start
2026-03-31 20:14:05,130 - INFO - ============================================================
2026-03-31 20:14:05,131 - INFO - 
Analyzing Global X Nasdaq 100 Covered Call (QYLD)
2026-03-31 20:14:06,000 - INFO - QYLD 데이터 수집 완료: 61 행
2026-03-31 20:14:06,044 - INFO - [QYLD] 신호: SELL (신뢰도 60%)
2026-03-31 20:14:06,045 - INFO - SELL signal: Global X Nasdaq 100 Covered Call
2026-03-31 20:14:06,045 - INFO - 콘솔 알림 전송: QYLD
2026-03-31 20:14:07,162 - INFO - 텔레그램 알림 전송 완료: QYLD
2026-03-31 20:14:07,165 - INFO - 
Analyzing Schwab US Dividend Equity (SCHD)
2026-03-31 20:14:07,531 - INFO - SCHD 데이터 수집 완료: 61 행
2026-03-31 20:14:07,574 - INFO - [SCHD] 신호: SELL (신뢰도 40%)
2026-03-31 20:14:07,574 - INFO - SELL signal: Schwab US Dividend Equity
2026-03-31 20:14:07,576 - INFO - 포트폴리오 저장 완료
2026-03-31 20:14:07,576 - INFO - 자산 매도 처리: SCHD 20주
2026-03-31 20:14:07,580 - INFO - 포트폴리오 저장 완료
2026-03-31 20:14:07,580 - INFO - 현금 추가: $609.60
2026-03-31 20:14:07,580 - INFO - Filled SELL: SCHD 20 @ $30.48 (cash +$609.60)
2026-03-31 20:14:07,581 - INFO - 콘솔 알림 전송: SCHD
2026-03-31 20:14:08,604 - INFO - 텔레그램 알림 전송 완료: SCHD
2026-03-31 20:14:08,608 - INFO - 
Analyzing YieldMax S&P 500 Covered Call (SDTY)
2026-03-31 20:14:08,944 - INFO - SDTY 데이터 수집 완료: 61 행
2026-03-31 20:14:08,989 - INFO - [SDTY] 신호: SELL (신뢰도 80%)
2026-03-31 20:14:08,989 - INFO - SELL signal: YieldMax S&P 500 Covered Call
2026-03-31 20:14:08,990 - INFO - 콘솔 알림 전송: SDTY
2026-03-31 20:14:09,960 - INFO - 텔레그램 알림 전송 완료: SDTY
2026-03-31 20:14:09,962 - INFO - 
======================================================================
2026-03-31 20:14:09,964 - INFO - 분석 요약
2026-03-31 20:14:09,964 - INFO - ======================================================================
2026-03-31 20:14:09,964 - INFO - BUY signals: 0
2026-03-31 20:14:09,964 - INFO - SELL signals: 3
2026-03-31 20:14:09,964 - INFO - HOLD signals: 0
2026-03-31 20:14:09,964 - INFO - 
----------------------------------------------------------------------
2026-03-31 20:14:09,965 - INFO - 현재 포트폴리오 현황
2026-03-31 20:14:09,965 - INFO - ----------------------------------------------------------------------
2026-03-31 20:14:09,965 - INFO - 현금 잔고: $16,953.78
2026-03-31 20:14:09,965 - INFO - 
2026-03-31 20:14:09,965 - INFO -   QYLD  :  235주 @ $    4,161.85
2026-03-31 20:14:09,965 - INFO -   SCHD  :   14주 @ $      386.12
2026-03-31 20:14:09,966 - INFO - 
총 투자금: $4,547.97
2026-03-31 20:14:09,966 - INFO - 현금 잔고: $16,953.78
2026-03-31 20:14:09,966 - INFO - 총 자산: $21,501.75
2026-03-31 20:14:09,966 - INFO - 
----------------------------------------------------------------------
2026-03-31 20:14:09,966 - INFO - 배당금 예상치
2026-03-31 20:14:09,966 - INFO - ----------------------------------------------------------------------
2026-03-31 20:14:10,290 - INFO - QYLD 데이터 수집 완료: 61 행
2026-03-31 20:14:10,336 - INFO -   Global X Nasdaq 100 Covered Call: 월 $     45.79 / 연 $    549.43
2026-03-31 20:14:10,745 - INFO - SCHD 데이터 수집 완료: 61 행
2026-03-31 20:14:10,792 - INFO -   Schwab US Dividend Equity: 월 $      1.24 / 연 $     14.94
2026-03-31 20:14:10,792 - INFO - ----------------------------------------------------------------------
2026-03-31 20:14:10,792 - INFO -   합계: 월 $     47.03 / 연 $    564.37
2026-03-31 20:14:10,792 - INFO - 
----------------------------------------------------------------------
2026-03-31 20:14:10,792 - INFO - 현재 동적 손절률 (배당금 반영)
2026-03-31 20:14:10,793 - INFO - ----------------------------------------------------------------------
2026-03-31 20:14:10,793 - INFO -   QYLD  :  -6.73% (기본 -3.0% 대비 -3.73%)
2026-03-31 20:14:10,793 - INFO -   SCHD  :  -4.17% (기본 -3.0% 대비 -1.17%)
2026-03-31 20:14:10,793 - INFO - ======================================================================

2026-03-31 20:17:43,961 - INFO - ETF Auto Trader 초기화 완료
