2026-03-05 11:56:40,589 - INFO - ETF Auto Trader 초기화 완료
2026-03-05 11:56:45,338 - INFO - ============================================================
2026-03-05 11:56:45,338 - INFO - ETF 분석 시작
2026-03-05 11:56:45,339 - INFO - ============================================================
2026-03-05 11:56:45,339 - INFO - 
분석 중: 글로벌엑스 나스닥100 커버드콜 (QYLD)
2026-03-05 11:56:48,346 - INFO - QYLD 데이터 수집 완료: 60 행
2026-03-05 11:56:48,358 - INFO - [QYLD] 신호: BUY (신뢰도: 50%)
2026-03-05 11:56:48,358 - INFO -    손절률: -6.73% (기본 -3% → 배당금 반영 -6.73%)
2026-03-05 11:56:48,358 - INFO - 📈 매수 신호: 글로벌엑스 나스닥100 커버드콜
2026-03-05 11:56:48,450 - INFO -    추천: 21주 매수 ($371)
2026-03-05 11:56:48,452 - INFO - 콘솔 알림 전송: QYLD
2026-03-05 11:56:49,828 - INFO - 텔레그램 알림 전송 완료: QYLD
2026-03-05 11:56:49,837 - INFO - 
분석 중: 슈왑 미국 배당주 (SCHD)
2026-03-05 11:56:50,136 - INFO - SCHD 데이터 수집 완료: 60 행
2026-03-05 11:56:50,146 - INFO - [SCHD] 신호: HOLD (신뢰도: 25%)
2026-03-05 11:56:50,146 - INFO -    손절률: -4.17% (기본 -3% → 배당금 반영 -4.17%)
2026-03-05 11:56:50,146 - INFO - ⏸️  보유 신호: 슈왑 미국 배당주
2026-03-05 11:56:50,147 - INFO - 콘솔 알림 전송: SCHD
2026-03-05 11:56:51,416 - INFO - 텔레그램 알림 전송 완료: SCHD
2026-03-05 11:56:51,421 - INFO - 
분석 중: 일드맥스 S&P500 커버드콜 (SDTY)
2026-03-05 11:56:51,793 - INFO - SDTY 데이터 수집 완료: 60 행
2026-03-05 11:56:51,804 - INFO - [SDTY] 신호: SELL (신뢰도: 50%)
2026-03-05 11:56:51,804 - INFO -    손절률: -6.47% (기본 -3% → 배당금 반영 -6.47%)
2026-03-05 11:56:51,804 - INFO - 📉 매도 신호: 일드맥스 S&P500 커버드콜
2026-03-05 11:56:51,805 - INFO - 콘솔 알림 전송: SDTY
2026-03-05 11:56:53,201 - INFO - 텔레그램 알림 전송 완료: SDTY
2026-03-05 11:56:53,203 - INFO - 
======================================================================
2026-03-05 11:56:53,204 - INFO - 분석 요약
2026-03-05 11:56:53,204 - INFO - ======================================================================
2026-03-05 11:56:53,204 - INFO - 📈 매수 신호: 1개
2026-03-05 11:56:53,204 - INFO - 📉 매도 신호: 1개
2026-03-05 11:56:53,204 - INFO - ⏸️  보유 신호: 1개
2026-03-05 11:56:53,204 - INFO - 
----------------------------------------------------------------------
2026-03-05 11:56:53,204 - INFO - 📊 포트폴리오 현황
2026-03-05 11:56:53,204 - INFO - ----------------------------------------------------------------------
2026-03-05 11:56:53,204 - INFO - 💰 현금: $1,777.15
2026-03-05 11:56:53,205 - INFO - 
2026-03-05 11:56:53,205 - INFO -   QYLD  :  235주 @ $    4,161.85
2026-03-05 11:56:53,205 - INFO -   SCHD  :  209주 @ $    5,764.22
2026-03-05 11:56:53,205 - INFO -   SDTY  :  236주 @ $   10,601.12
2026-03-05 11:56:53,205 - INFO - 
총 투자액: $20,527.19
2026-03-05 11:56:53,205 - INFO - 현금 잔고: $1,777.15
2026-03-05 11:56:53,205 - INFO - 총 자산액: $22,304.34
2026-03-05 11:56:53,205 - INFO - 
----------------------------------------------------------------------
2026-03-05 11:56:53,205 - INFO - 💵 배당금 예상액
2026-03-05 11:56:53,205 - INFO - ----------------------------------------------------------------------
2026-03-05 11:56:53,523 - INFO - QYLD 데이터 수집 완료: 60 행
2026-03-05 11:56:53,534 - INFO -   글로벌엑스 나스닥100 커버드콜: 월 $     48.42 / 연 $    581.01
2026-03-05 11:56:53,833 - INFO - SCHD 데이터 수집 완료: 60 행
2026-03-05 11:56:53,843 - INFO -   슈왑 미국 배당주: 월 $     19.23 / 연 $    230.72
2026-03-05 11:56:54,122 - INFO - SDTY 데이터 수집 완료: 60 행
2026-03-05 11:56:54,132 - INFO -   일드맥스 S&P500 커버드콜: 월 $    109.15 / 연 $  1,309.79
2026-03-05 11:56:54,132 - INFO - ----------------------------------------------------------------------
2026-03-05 11:56:54,133 - INFO -   합계: 월 $    176.80 / 연 $  2,121.52
2026-03-05 11:56:54,133 - INFO - 
----------------------------------------------------------------------
2026-03-05 11:56:54,134 - INFO - 📊 동적 손절률 (배당금 반영)
2026-03-05 11:56:54,134 - INFO - ----------------------------------------------------------------------
2026-03-05 11:56:54,134 - INFO -   QYLD  :  -6.73% (기본 -3.0% → -3.73%)
2026-03-05 11:56:54,134 - INFO -   SCHD  :  -4.17% (기본 -3.0% → -1.17%)
2026-03-05 11:56:54,134 - INFO -   SDTY  :  -6.47% (기본 -3.0% → -3.47%)
2026-03-05 11:56:54,134 - INFO - ======================================================================

2026-03-05 12:44:56,908 - INFO - ETF Auto Trader 초기화 완료
2026-03-05 12:45:10,642 - INFO - ============================================================
2026-03-05 12:45:10,643 - INFO - ETF 분석 시작
2026-03-05 12:45:10,643 - INFO - ============================================================
2026-03-05 12:45:10,643 - INFO - 
분석 중: 글로벌엑스 나스닥100 커버드콜 (QYLD)
2026-03-05 12:45:13,194 - INFO - QYLD 데이터 수집 완료: 60 행
2026-03-05 12:45:13,219 - INFO - [QYLD] 신호: BUY (신뢰도: 40%)
2026-03-05 12:45:13,219 - INFO -    손절률: -6.73% (기본 -3% → 배당금 반영 -6.73%)
2026-03-05 12:45:13,219 - INFO - 📈 매수 신호: 글로벌엑스 나스닥100 커버드콜
2026-03-05 12:45:13,219 - INFO -    추천: 15주 매수 ($265)
2026-03-05 12:45:13,220 - INFO - 콘솔 알림 전송: QYLD
2026-03-05 12:45:15,780 - INFO - 텔레그램 알림 전송 완료: QYLD
2026-03-05 12:45:15,785 - INFO - 
분석 중: 슈왑 미국 배당주 (SCHD)
2026-03-05 12:45:16,074 - INFO - SCHD 데이터 수집 완료: 60 행
2026-03-05 12:45:16,085 - INFO - [SCHD] 신호: HOLD (신뢰도: 20%)
2026-03-05 12:45:16,085 - INFO -    손절률: -4.17% (기본 -3% → 배당금 반영 -4.17%)
2026-03-05 12:45:16,085 - INFO - ⏸️  보유 신호: 슈왑 미국 배당주
2026-03-05 12:45:16,086 - INFO - 콘솔 알림 전송: SCHD
2026-03-05 12:45:17,797 - INFO - 텔레그램 알림 전송 완료: SCHD
2026-03-05 12:45:17,801 - INFO - 
분석 중: 일드맥스 S&P500 커버드콜 (SDTY)
2026-03-05 12:45:18,085 - INFO - SDTY 데이터 수집 완료: 60 행
2026-03-05 12:45:18,097 - INFO - [SDTY] 신호: SELL (신뢰도: 40%)
2026-03-05 12:45:18,097 - INFO -    손절률: -6.47% (기본 -3% → 배당금 반영 -6.47%)
2026-03-05 12:45:18,097 - INFO - 📉 매도 신호: 일드맥스 S&P500 커버드콜
2026-03-05 12:45:18,098 - INFO - 콘솔 알림 전송: SDTY
2026-03-05 12:45:21,411 - INFO - 텔레그램 알림 전송 완료: SDTY
2026-03-05 12:45:21,414 - INFO - 
======================================================================
2026-03-05 12:45:21,415 - INFO - 분석 요약
2026-03-05 12:45:21,415 - INFO - ======================================================================
2026-03-05 12:45:21,416 - INFO - 📈 매수 신호: 1개
2026-03-05 12:45:21,416 - INFO - 📉 매도 신호: 1개
2026-03-05 12:45:21,417 - INFO - ⏸️  보유 신호: 1개
2026-03-05 12:45:21,417 - INFO - 
----------------------------------------------------------------------
2026-03-05 12:45:21,418 - INFO - 📊 포트폴리오 현황
2026-03-05 12:45:21,418 - INFO - ----------------------------------------------------------------------
2026-03-05 12:45:21,419 - INFO - 💰 현금: $1,777.15
2026-03-05 12:45:21,419 - INFO - 
2026-03-05 12:45:21,420 - INFO -   QYLD  :  235주 @ $    4,161.85
2026-03-05 12:45:21,420 - INFO -   SCHD  :  209주 @ $    5,764.22
2026-03-05 12:45:21,420 - INFO -   SDTY  :  236주 @ $   10,601.12
2026-03-05 12:45:21,420 - INFO - 
총 투자액: $20,527.19
2026-03-05 12:45:21,420 - INFO - 현금 잔고: $1,777.15
2026-03-05 12:45:21,420 - INFO - 총 자산액: $22,304.34
2026-03-05 12:45:21,421 - INFO - 
----------------------------------------------------------------------
2026-03-05 12:45:21,421 - INFO - 💵 배당금 예상액
2026-03-05 12:45:21,421 - INFO - ----------------------------------------------------------------------
2026-03-05 12:45:21,724 - INFO - QYLD 데이터 수집 완료: 60 행
2026-03-05 12:45:21,734 - INFO -   글로벌엑스 나스닥100 커버드콜: 월 $     48.42 / 연 $    581.01
2026-03-05 12:45:21,961 - INFO - SCHD 데이터 수집 완료: 60 행
2026-03-05 12:45:21,971 - INFO -   슈왑 미국 배당주: 월 $     19.23 / 연 $    230.72
2026-03-05 12:45:22,260 - INFO - SDTY 데이터 수집 완료: 60 행
2026-03-05 12:45:22,286 - INFO -   일드맥스 S&P500 커버드콜: 월 $    109.15 / 연 $  1,309.79
2026-03-05 12:45:22,286 - INFO - ----------------------------------------------------------------------
2026-03-05 12:45:22,287 - INFO -   합계: 월 $    176.80 / 연 $  2,121.52
2026-03-05 12:45:22,287 - INFO - 
----------------------------------------------------------------------
2026-03-05 12:45:22,287 - INFO - 📊 동적 손절률 (배당금 반영)
2026-03-05 12:45:22,287 - INFO - ----------------------------------------------------------------------
2026-03-05 12:45:22,287 - INFO -   QYLD  :  -6.73% (기본 -3.0% → -3.73%)
2026-03-05 12:45:22,288 - INFO -   SCHD  :  -4.17% (기본 -3.0% → -1.17%)
2026-03-05 12:45:22,288 - INFO -   SDTY  :  -6.47% (기본 -3.0% → -3.47%)
2026-03-05 12:45:22,288 - INFO - ======================================================================

