2026-04-01 10:29:27,394 - INFO - ETF Auto Trader 초기화 완료
2026-04-01 10:54:41,052 - INFO - ETF Auto Trader 초기화 완료
2026-04-01 10:54:43,646 - INFO - ============================================================
2026-04-01 10:54:43,647 - INFO - ETF analysis start
2026-04-01 10:54:43,647 - INFO - ============================================================
2026-04-01 10:54:43,647 - INFO - 
Analyzing Global X Nasdaq 100 Covered Call (QYLD)
2026-04-01 10:54:44,478 - INFO - QYLD 데이터 수집 완료: 61 행
2026-04-01 10:54:44,518 - INFO - [QYLD] 신호: SELL (신뢰도 40%)
2026-04-01 10:54:44,518 - INFO - SELL signal: Global X Nasdaq 100 Covered Call
2026-04-01 10:54:44,519 - INFO - 콘솔 알림 전송: QYLD
2026-04-01 10:54:45,509 - INFO - 텔레그램 알림 전송 완료: QYLD
2026-04-01 10:54:45,513 - INFO - 
Analyzing Schwab US Dividend Equity (SCHD)
2026-04-01 10:54:45,771 - INFO - SCHD 데이터 수집 완료: 61 행
2026-04-01 10:54:45,811 - INFO - [SCHD] 신호: BUY (신뢰도 40%)
2026-04-01 10:54:45,812 - INFO - BUY signal: Schwab US Dividend Equity
2026-04-01 10:54:45,813 - INFO - 포트폴리오 저장 완료
2026-04-01 10:54:45,813 - INFO - 자산 추가: Schwab US Dividend Equity 39주 @ $30.68000030517578
2026-04-01 10:54:45,814 - INFO - 포트폴리오 저장 완료
2026-04-01 10:54:45,814 - INFO - 현금 추가: $-1,196.52
2026-04-01 10:54:45,814 - INFO - Filled BUY: SCHD 39 @ $30.68 (cash -$1,196.52)
2026-04-01 10:54:45,815 - INFO - 콘솔 알림 전송: SCHD
2026-04-01 10:54:46,824 - INFO - 텔레그램 알림 전송 완료: SCHD
2026-04-01 10:54:46,826 - INFO - 
======================================================================
2026-04-01 10:54:46,827 - INFO - 분석 요약
2026-04-01 10:54:46,827 - INFO - ======================================================================
2026-04-01 10:54:46,827 - INFO - BUY signals: 1
2026-04-01 10:54:46,827 - INFO - SELL signals: 1
2026-04-01 10:54:46,827 - INFO - HOLD signals: 0
2026-04-01 10:54:46,827 - INFO - 
----------------------------------------------------------------------
2026-04-01 10:54:46,827 - INFO - 현재 포트폴리오 현황
2026-04-01 10:54:46,827 - INFO - ----------------------------------------------------------------------
2026-04-01 10:54:46,828 - INFO - 현금 잔고: $10,463.76
2026-04-01 10:54:46,828 - INFO - 
2026-04-01 10:54:46,828 - INFO -   QYLD  :  241주 @ $    4,265.70
2026-04-01 10:54:46,828 - INFO -   SCHD  :  247주 @ $    6,935.24
2026-04-01 10:54:46,828 - INFO - 
총 투자금: $11,200.94
2026-04-01 10:54:46,828 - INFO - 현금 잔고: $10,463.76
2026-04-01 10:54:46,828 - INFO - 총 자산: $21,664.70
2026-04-01 10:54:46,828 - INFO - 
----------------------------------------------------------------------
2026-04-01 10:54:46,829 - INFO - 배당금 예상치
2026-04-01 10:54:46,829 - INFO - ----------------------------------------------------------------------
2026-04-01 10:54:47,110 - INFO - QYLD 데이터 수집 완료: 61 행
2026-04-01 10:54:47,156 - INFO -   Global X Nasdaq 100 Covered Call: 월 $     48.22 / 연 $    578.64
2026-04-01 10:54:47,427 - INFO - SCHD 데이터 수집 완료: 61 행
2026-04-01 10:54:47,471 - INFO -   Schwab US Dividend Equity: 월 $     22.10 / 연 $    265.23
2026-04-01 10:54:47,471 - INFO - ----------------------------------------------------------------------
2026-04-01 10:54:47,471 - INFO -   합계: 월 $     70.32 / 연 $    843.87
2026-04-01 10:54:47,471 - INFO - 
----------------------------------------------------------------------
2026-04-01 10:54:47,471 - INFO - 현재 동적 손절률 (배당금 반영)
2026-04-01 10:54:47,471 - INFO - ----------------------------------------------------------------------
2026-04-01 10:54:47,472 - INFO -   QYLD  :  -6.73% (기본 -3.0% 대비 -3.73%)
2026-04-01 10:54:47,472 - INFO -   SCHD  :  -4.17% (기본 -3.0% 대비 -1.17%)
2026-04-01 10:54:47,472 - INFO - ======================================================================

